<?xml version="1.0" encoding="UTF-8"?>
<!-- Generated by org.testng.reporters.JUnitXMLReporter -->
<testsuite hostname="Jai-PC" name="Default test" tests="18" failures="0" timestamp="21 Jun 2018 12:11:52 GMT" time="284.762" errors="0">
  <testcase name="signUp" time="15.513" classname="test.TestSignup"/>
  <testcase name="signUp" time="13.158" classname="test.TestSignup"/>
  <testcase name="signUp" time="13.105" classname="test.TestSignup"/>
  <testcase name="signUp" time="13.195" classname="test.TestSignup"/>
  <testcase name="signUp" time="13.231" classname="test.TestSignup"/>
  <testcase name="signUp" time="12.837" classname="test.TestSignup"/>
  <testcase name="signUp" time="13.353" classname="test.TestSignup"/>
  <testcase name="signUp" time="12.272" classname="test.TestSignup"/>
  <testcase name="signUp" time="14.366" classname="test.TestSignup"/>
  <testcase name="Login" time="12.188" classname="test.TestLogin"/>
  <testcase name="Login" time="12.867" classname="test.TestLogin"/>
  <testcase name="Login" time="12.742" classname="test.TestLogin"/>
  <testcase name="Login" time="13.545" classname="test.TestLogin"/>
  <testcase name="Login" time="13.93" classname="test.TestLogin"/>
  <testcase name="Login" time="12.916" classname="test.TestLogin"/>
  <testcase name="Login" time="11.958" classname="test.TestLogin"/>
  <testcase name="Login" time="12.994" classname="test.TestLogin"/>
  <testcase name="Login" time="13.322" classname="test.TestLogin"/>
</testsuite> <!-- Default test -->
