<?xml version="1.0" encoding="UTF-8"?>
<!-- Generated by org.testng.reporters.JUnitXMLReporter -->
<testsuite hostname="Jai-PC" name="Test" tests="18" failures="0" timestamp="21 Jun 2018 12:33:59 GMT" time="393.707" errors="0">
  <testcase name="signUp" time="22.779" classname="test.TestSignup"/>
  <testcase name="signUp" time="19.013" classname="test.TestSignup"/>
  <testcase name="signUp" time="16.904" classname="test.TestSignup"/>
  <testcase name="signUp" time="14.99" classname="test.TestSignup"/>
  <testcase name="signUp" time="17.564" classname="test.TestSignup"/>
  <testcase name="signUp" time="18.707" classname="test.TestSignup"/>
  <testcase name="signUp" time="17.633" classname="test.TestSignup"/>
  <testcase name="signUp" time="17.127" classname="test.TestSignup"/>
  <testcase name="signUp" time="17.414" classname="test.TestSignup"/>
  <testcase name="Login" time="15.667" classname="test.TestLogin"/>
  <testcase name="Login" time="17.287" classname="test.TestLogin"/>
  <testcase name="Login" time="16.31" classname="test.TestLogin"/>
  <testcase name="Login" time="16.442" classname="test.TestLogin"/>
  <testcase name="Login" time="19.535" classname="test.TestLogin"/>
  <testcase name="Login" time="16.277" classname="test.TestLogin"/>
  <testcase name="Login" time="14.852" classname="test.TestLogin"/>
  <testcase name="Login" time="14.93" classname="test.TestLogin"/>
  <testcase name="Login" time="14.581" classname="test.TestLogin"/>
</testsuite> <!-- Test -->
