<?xml version="1.0" encoding="UTF-8"?>
<testsuite xmlns:xsi="http://www.w3.org/2001/XMLSchema-instance" xsi:noNamespaceSchemaLocation="https://maven.apache.org/surefire/maven-surefire-plugin/xsd/surefire-test-report.xsd" name="TestSuite" time="429.439" tests="18" errors="0" skipped="0" failures="1">
  <properties>
[...]
</properties>
  <testcase name="signUp" classname="test.TestSignup" time="57.715"/>
  <testcase name="signUp" classname="test.TestSignup" time="14.437"/>
  <testcase name="signUp" classname="test.TestSignup" time="13.18"/>
  <testcase name="signUp" classname="test.TestSignup" time="12.531"/>
  <testcase name="signUp" classname="test.TestSignup" time="12.185"/>
  <testcase name="signUp" classname="test.TestSignup" time="11.839"/>
  <testcase name="signUp" classname="test.TestSignup" time="13.153"/>
  <testcase name="signUp" classname="test.TestSignup" time="13.001"/>
  <testcase name="signUp" classname="test.TestSignup" time="12.66"/>
  <testcase name="Login" classname="test.TestLogin" time="16.325"/>
  <testcase name="Login" classname="test.TestLogin" time="17.78"/>
  <testcase name="Login" classname="test.TestLogin" time="25.978"/>
  <testcase name="Login" classname="test.TestLogin" time="20.164"/>
  <testcase name="Login" classname="test.TestLogin" time="18.752"/>
  <testcase name="Login" classname="test.TestLogin" time="14.592"/>
  <testcase name="Login" classname="test.TestLogin" time="14.064"/>
  <testcase name="Login" classname="test.TestLogin" time="18.353"/>
  <testcase name="Login" classname="test.TestLogin" time="27.942">
    <failure message="Reached error page: about:neterror?e=netTimeout&amp;u=https%3A//www.phptravels.net/login&amp;c=UTF-8&amp;f=regular&amp;d=The%20server%20at%20www.phptravels.net%20is%20taking%20too%20long%20to%20respond.&#10;Build info: version: &apos;3.11.0&apos;, revision: &apos;e59cfb3&apos;, time: &apos;2018-03-11T20:26:55.152Z&apos;&#10;System info: host: &apos;JAI-PC&apos;, ip: &apos;192.168.0.105&apos;, os.name: &apos;Windows 8&apos;, os.arch: &apos;amd64&apos;, os.version: &apos;6.2&apos;, java.version: &apos;1.8.0_131&apos;&#10;Driver info: org.openqa.selenium.firefox.FirefoxDriver&#10;Capabilities {acceptInsecureCerts: true, browserName: firefox, browserVersion: 62.0.2, javascriptEnabled: true, moz:accessibilityChecks: false, moz:headless: false, moz:processID: 3308, moz:profile: C:\Users\JayaprakashNagaraj..., moz:useNonSpecCompliantPointerOrigin: false, moz:webdriverClick: true, pageLoadStrategy: normal, platform: XP, platformName: XP, platformVersion: 6.2, rotatable: false, timeouts: {implicit: 0, pageLoad: 300000, script: 30000}}&#10;Session ID: 3e18f649-cead-4c60-ae15-57f2d474d43e" type="org.openqa.selenium.WebDriverException"><![CDATA[org.openqa.selenium.WebDriverException: 
Reached error page: about:neterror?e=netTimeout&u=https%3A//www.phptravels.net/login&c=UTF-8&f=regular&d=The%20server%20at%20www.phptravels.net%20is%20taking%20too%20long%20to%20respond.
Build info: version: '3.11.0', revision: 'e59cfb3', time: '2018-03-11T20:26:55.152Z'
System info: host: 'JAI-PC', ip: '192.168.0.105', os.name: 'Windows 8', os.arch: 'amd64', os.version: '6.2', java.version: '1.8.0_131'
Driver info: org.openqa.selenium.firefox.FirefoxDriver
Capabilities {acceptInsecureCerts: true, browserName: firefox, browserVersion: 62.0.2, javascriptEnabled: true, moz:accessibilityChecks: false, moz:headless: false, moz:processID: 3308, moz:profile: C:\Users\JayaprakashNagaraj..., moz:useNonSpecCompliantPointerOrigin: false, moz:webdriverClick: true, pageLoadStrategy: normal, platform: XP, platformName: XP, platformVersion: 6.2, rotatable: false, timeouts: {implicit: 0, pageLoad: 300000, script: 30000}}
Session ID: 3e18f649-cead-4c60-ae15-57f2d474d43e
	at test.TestLogin.Login(TestLogin.java:74)
]]></failure>
    <system-out><![CDATA[UserTATestme8@gmail.com logged in Successfully
]]></system-out>
    <system-err><![CDATA[1538065750069	Marionette	INFO	Stopped listening on port 55858
[Parent 8680, Gecko_IOThread] WARNING: pipe error: 109: file z:/build/build/src/ipc/chromium/src/chrome/common/ipc_channel_win.cc, line 346
[Child 7640, Chrome_ChildThread] WARNING: pipe error: 109: file z:/build/build/src/ipc/chromium/src/chrome/common/ipc_channel_win.cc, line 346
[Child 7640, Chrome_ChildThread] WARNING: pipe error: 109: file z:/build/build/src/ipc/chromium/src/chrome/common/ipc_channel_win.cc, line 346
[Parent 8680, Gecko_IOThread] WARNING: pipe error: 109: file z:/build/build/src/ipc/chromium/src/chrome/common/ipc_channel_win.cc, line 346
[Child 3144, Chrome_ChildThread] WARNING: pipe error: 109: file z:/build/build/src/ipc/chromium/src/chrome/common/ipc_channel_win.cc, line 346
[Parent 8680, Gecko_IOThread] WARNING: pipe error: 109: file z:/build/build/src/ipc/chromium/src/chrome/common/ipc_channel_win.cc, line 346
[Child 1268, Chrome_ChildThread] WARNING: pipe error: 109: file z:/build/build/src/ipc/chromium/src/chrome/common/ipc_channel_win.cc, line 346
[Child 1268, Chrome_ChildThread] WARNING: pipe error: 109: file z:/build/build/src/ipc/chromium/src/chrome/common/ipc_channel_win.cc, line 346
[GPU 9112, Chrome_ChildThread] WARNING: pipe error: 109: file z:/build/build/src/ipc/chromium/src/chrome/common/ipc_channel_win.cc, line 346

###!!! [Child][MessageChannel::SendAndWait] Error: Channel error: cannot send/recv

1538065753559	geckodriver	INFO	geckodriver 0.20.1
1538065753576	geckodriver	INFO	Listening on 127.0.0.1:38885
1538065754042	mozrunner::runner	INFO	Running command: "C:\\Program Files (x86)\\Mozilla Firefox\\firefox.exe" "-marionette" "-profile" "C:\\Users\\JAYAPR~1\\AppData\\Local\\Temp\\rust_mozprofile.pG60NhC6WnZw"
1538065758738	Marionette	INFO	Listening on port 55910
1538065759441	Marionette	WARN	TLS certificate errors will be ignored for this session
1538065759523	Marionette	DEBUG	[6442450945] Frame script loaded
1538065759531	Marionette	DEBUG	[6442450945] Frame script registered
Sep 27, 2018 9:59:19 PM org.openqa.selenium.remote.ProtocolHandshake createSession
INFO: Detected dialect: W3C
1538065759785	Marionette	DEBUG	[6442450945] Received DOM event beforeunload for about:blank
1538065780806	Marionette	DEBUG	[6442450945] Received DOM event beforeunload for about:blank
1538065780865	Marionette	DEBUG	[6442450945] Received DOM event pagehide for about:blank
1538065781254	Marionette	DEBUG	[6442450945] Received DOM event DOMContentLoaded for about:neterror?e=netTimeout&u=https%3A//www.phptravels.net/login&c=UTF-8&f=regular&d=The%20server%20at%20www.phptravels.net%20is%20taking%20too%20long%20to%20respond.
]]></system-err>
  </testcase>
</testsuite>