<?xml version="1.0" encoding="UTF-8"?>
<testng-results skipped="0" failed="1" total="18" passed="17">
  <reporter-output>
  </reporter-output>
  <suite name="Suite" duration-ms="426378" started-at="2018-09-27T16:22:45Z" finished-at="2018-09-27T16:29:51Z">
    <groups>
    </groups>
    <test name="Test" duration-ms="426378" started-at="2018-09-27T16:22:45Z" finished-at="2018-09-27T16:29:51Z">
      <class name="test.TestLogin">
        <test-method status="PASS" signature="setup()[pri:0, instance:test.TestLogin@224edc67]" name="setup" is-config="true" duration-ms="148" started-at="2018-09-27T21:52:44Z" finished-at="2018-09-27T21:52:45Z">
          <reporter-output>
          </reporter-output>
        </test-method> <!-- setup -->
        <test-method status="PASS" signature="Login(java.lang.String, java.lang.String)[pri:2, instance:test.TestLogin@224edc67]" name="Login" duration-ms="16326" started-at="2018-09-27T21:55:54Z" data-provider="LoginData" finished-at="2018-09-27T21:56:11Z">
          <params>
            <param index="0">
              <value>
                <![CDATA[TATestme1@gmail.com]]>
              </value>
            </param>
            <param index="1">
              <value>
                <![CDATA[pass123]]>
              </value>
            </param>
          </params>
          <reporter-output>
          </reporter-output>
        </test-method> <!-- Login -->
        <test-method status="PASS" signature="closeBrowser()[pri:0, instance:test.TestLogin@224edc67]" name="closeBrowser" is-config="true" duration-ms="8455" started-at="2018-09-27T21:56:11Z" finished-at="2018-09-27T21:56:19Z">
          <reporter-output>
          </reporter-output>
        </test-method> <!-- closeBrowser -->
        <test-method status="PASS" signature="Login(java.lang.String, java.lang.String)[pri:2, instance:test.TestLogin@224edc67]" name="Login" duration-ms="17779" started-at="2018-09-27T21:56:19Z" data-provider="LoginData" finished-at="2018-09-27T21:56:37Z">
          <params>
            <param index="0">
              <value>
                <![CDATA[TATestme2@gmail.com]]>
              </value>
            </param>
            <param index="1">
              <value>
                <![CDATA[pass124]]>
              </value>
            </param>
          </params>
          <reporter-output>
          </reporter-output>
        </test-method> <!-- Login -->
        <test-method status="PASS" signature="closeBrowser()[pri:0, instance:test.TestLogin@224edc67]" name="closeBrowser" is-config="true" duration-ms="15148" started-at="2018-09-27T21:56:37Z" finished-at="2018-09-27T21:56:52Z">
          <reporter-output>
          </reporter-output>
        </test-method> <!-- closeBrowser -->
        <test-method status="PASS" signature="Login(java.lang.String, java.lang.String)[pri:2, instance:test.TestLogin@224edc67]" name="Login" duration-ms="25912" started-at="2018-09-27T21:56:52Z" data-provider="LoginData" finished-at="2018-09-27T21:57:18Z">
          <params>
            <param index="0">
              <value>
                <![CDATA[TATestme3@gmail.com]]>
              </value>
            </param>
            <param index="1">
              <value>
                <![CDATA[pass125]]>
              </value>
            </param>
          </params>
          <reporter-output>
          </reporter-output>
        </test-method> <!-- Login -->
        <test-method status="PASS" signature="closeBrowser()[pri:0, instance:test.TestLogin@224edc67]" name="closeBrowser" is-config="true" duration-ms="7186" started-at="2018-09-27T21:57:18Z" finished-at="2018-09-27T21:57:25Z">
          <reporter-output>
          </reporter-output>
        </test-method> <!-- closeBrowser -->
        <test-method status="PASS" signature="Login(java.lang.String, java.lang.String)[pri:2, instance:test.TestLogin@224edc67]" name="Login" duration-ms="20167" started-at="2018-09-27T21:57:25Z" data-provider="LoginData" finished-at="2018-09-27T21:57:45Z">
          <params>
            <param index="0">
              <value>
                <![CDATA[TATestme4@gmail.com]]>
              </value>
            </param>
            <param index="1">
              <value>
                <![CDATA[pass126]]>
              </value>
            </param>
          </params>
          <reporter-output>
          </reporter-output>
        </test-method> <!-- Login -->
        <test-method status="PASS" signature="closeBrowser()[pri:0, instance:test.TestLogin@224edc67]" name="closeBrowser" is-config="true" duration-ms="6913" started-at="2018-09-27T21:57:45Z" finished-at="2018-09-27T21:57:52Z">
          <reporter-output>
          </reporter-output>
        </test-method> <!-- closeBrowser -->
        <test-method status="PASS" signature="Login(java.lang.String, java.lang.String)[pri:2, instance:test.TestLogin@224edc67]" name="Login" duration-ms="18741" started-at="2018-09-27T21:57:52Z" data-provider="LoginData" finished-at="2018-09-27T21:58:11Z">
          <params>
            <param index="0">
              <value>
                <![CDATA[TATestme5@gmail.com]]>
              </value>
            </param>
            <param index="1">
              <value>
                <![CDATA[pass127]]>
              </value>
            </param>
          </params>
          <reporter-output>
          </reporter-output>
        </test-method> <!-- Login -->
        <test-method status="PASS" signature="closeBrowser()[pri:0, instance:test.TestLogin@224edc67]" name="closeBrowser" is-config="true" duration-ms="5912" started-at="2018-09-27T21:58:11Z" finished-at="2018-09-27T21:58:17Z">
          <reporter-output>
          </reporter-output>
        </test-method> <!-- closeBrowser -->
        <test-method status="PASS" signature="Login(java.lang.String, java.lang.String)[pri:2, instance:test.TestLogin@224edc67]" name="Login" duration-ms="14605" started-at="2018-09-27T21:58:17Z" data-provider="LoginData" finished-at="2018-09-27T21:58:31Z">
          <params>
            <param index="0">
              <value>
                <![CDATA[TATestme6@gmail.com]]>
              </value>
            </param>
            <param index="1">
              <value>
                <![CDATA[pass128]]>
              </value>
            </param>
          </params>
          <reporter-output>
          </reporter-output>
        </test-method> <!-- Login -->
        <test-method status="PASS" signature="closeBrowser()[pri:0, instance:test.TestLogin@224edc67]" name="closeBrowser" is-config="true" duration-ms="2759" started-at="2018-09-27T21:58:31Z" finished-at="2018-09-27T21:58:34Z">
          <reporter-output>
          </reporter-output>
        </test-method> <!-- closeBrowser -->
        <test-method status="PASS" signature="Login(java.lang.String, java.lang.String)[pri:2, instance:test.TestLogin@224edc67]" name="Login" duration-ms="14062" started-at="2018-09-27T21:58:34Z" data-provider="LoginData" finished-at="2018-09-27T21:58:48Z">
          <params>
            <param index="0">
              <value>
                <![CDATA[TATestme7@gmail.com]]>
              </value>
            </param>
            <param index="1">
              <value>
                <![CDATA[pass129]]>
              </value>
            </param>
          </params>
          <reporter-output>
          </reporter-output>
        </test-method> <!-- Login -->
        <test-method status="PASS" signature="closeBrowser()[pri:0, instance:test.TestLogin@224edc67]" name="closeBrowser" is-config="true" duration-ms="2971" started-at="2018-09-27T21:58:48Z" finished-at="2018-09-27T21:58:51Z">
          <reporter-output>
          </reporter-output>
        </test-method> <!-- closeBrowser -->
        <test-method status="PASS" signature="Login(java.lang.String, java.lang.String)[pri:2, instance:test.TestLogin@224edc67]" name="Login" duration-ms="18364" started-at="2018-09-27T21:58:51Z" data-provider="LoginData" finished-at="2018-09-27T21:59:10Z">
          <params>
            <param index="0">
              <value>
                <![CDATA[TATestme8@gmail.com]]>
              </value>
            </param>
            <param index="1">
              <value>
                <![CDATA[pass130]]>
              </value>
            </param>
          </params>
          <reporter-output>
          </reporter-output>
        </test-method> <!-- Login -->
        <test-method status="PASS" signature="closeBrowser()[pri:0, instance:test.TestLogin@224edc67]" name="closeBrowser" is-config="true" duration-ms="3434" started-at="2018-09-27T21:59:10Z" finished-at="2018-09-27T21:59:13Z">
          <reporter-output>
          </reporter-output>
        </test-method> <!-- closeBrowser -->
        <test-method status="FAIL" signature="Login(java.lang.String, java.lang.String)[pri:2, instance:test.TestLogin@224edc67]" name="Login" duration-ms="27918" started-at="2018-09-27T21:59:13Z" data-provider="LoginData" finished-at="2018-09-27T21:59:41Z">
          <params>
            <param index="0">
              <value>
                <![CDATA[TATestme9@gmail.com]]>
              </value>
            </param>
            <param index="1">
              <value>
                <![CDATA[pass131]]>
              </value>
            </param>
          </params>
          <exception class="org.openqa.selenium.WebDriverException">
            <message>
              <![CDATA[Reached error page: about:neterror?e=netTimeout&u=https%3A//www.phptravels.net/login&c=UTF-8&f=regular&d=The%20server%20at%20www.phptravels.net%20is%20taking%20too%20long%20to%20respond.
Build info: version: '3.11.0', revision: 'e59cfb3', time: '2018-03-11T20:26:55.152Z'
System info: host: 'JAI-PC', ip: '192.168.0.105', os.name: 'Windows 8', os.arch: 'amd64', os.version: '6.2', java.version: '1.8.0_131'
Driver info: org.openqa.selenium.firefox.FirefoxDriver
Capabilities {acceptInsecureCerts: true, browserName: firefox, browserVersion: 62.0.2, javascriptEnabled: true, moz:accessibilityChecks: false, moz:headless: false, moz:processID: 3308, moz:profile: C:\Users\JayaprakashNagaraj..., moz:useNonSpecCompliantPointerOrigin: false, moz:webdriverClick: true, pageLoadStrategy: normal, platform: XP, platformName: XP, platformVersion: 6.2, rotatable: false, timeouts: {implicit: 0, pageLoad: 300000, script: 30000}}
Session ID: 3e18f649-cead-4c60-ae15-57f2d474d43e]]>
            </message>
            <full-stacktrace>
              <![CDATA[org.openqa.selenium.WebDriverException: Reached error page: about:neterror?e=netTimeout&u=https%3A//www.phptravels.net/login&c=UTF-8&f=regular&d=The%20server%20at%20www.phptravels.net%20is%20taking%20too%20long%20to%20respond.
Build info: version: '3.11.0', revision: 'e59cfb3', time: '2018-03-11T20:26:55.152Z'
System info: host: 'JAI-PC', ip: '192.168.0.105', os.name: 'Windows 8', os.arch: 'amd64', os.version: '6.2', java.version: '1.8.0_131'
Driver info: org.openqa.selenium.firefox.FirefoxDriver
Capabilities {acceptInsecureCerts: true, browserName: firefox, browserVersion: 62.0.2, javascriptEnabled: true, moz:accessibilityChecks: false, moz:headless: false, moz:processID: 3308, moz:profile: C:\Users\JayaprakashNagaraj..., moz:useNonSpecCompliantPointerOrigin: false, moz:webdriverClick: true, pageLoadStrategy: normal, platform: XP, platformName: XP, platformVersion: 6.2, rotatable: false, timeouts: {implicit: 0, pageLoad: 300000, script: 30000}}
Session ID: 3e18f649-cead-4c60-ae15-57f2d474d43e
	at sun.reflect.NativeConstructorAccessorImpl.newInstance0(Native Method)
	at sun.reflect.NativeConstructorAccessorImpl.newInstance(NativeConstructorAccessorImpl.java:62)
	at sun.reflect.DelegatingConstructorAccessorImpl.newInstance(DelegatingConstructorAccessorImpl.java:45)
	at java.lang.reflect.Constructor.newInstance(Constructor.java:423)
	at org.openqa.selenium.remote.http.W3CHttpResponseCodec.createException(W3CHttpResponseCodec.java:187)
	at org.openqa.selenium.remote.http.W3CHttpResponseCodec.decode(W3CHttpResponseCodec.java:122)
	at org.openqa.selenium.remote.http.W3CHttpResponseCodec.decode(W3CHttpResponseCodec.java:49)
	at org.openqa.selenium.remote.HttpCommandExecutor.execute(HttpCommandExecutor.java:158)
	at org.openqa.selenium.remote.service.DriverCommandExecutor.execute(DriverCommandExecutor.java:83)
	at org.openqa.selenium.remote.RemoteWebDriver.execute(RemoteWebDriver.java:545)
	at org.openqa.selenium.remote.RemoteWebDriver.get(RemoteWebDriver.java:273)
	at test.TestLogin.Login(TestLogin.java:74)
	at sun.reflect.NativeMethodAccessorImpl.invoke0(Native Method)
	at sun.reflect.NativeMethodAccessorImpl.invoke(NativeMethodAccessorImpl.java:62)
	at sun.reflect.DelegatingMethodAccessorImpl.invoke(DelegatingMethodAccessorImpl.java:43)
	at java.lang.reflect.Method.invoke(Method.java:498)
	at org.testng.internal.MethodInvocationHelper.invokeMethod(MethodInvocationHelper.java:86)
	at org.testng.internal.Invoker.invokeMethod(Invoker.java:643)
	at org.testng.internal.Invoker.invokeTestMethod(Invoker.java:820)
	at org.testng.internal.Invoker.invokeTestMethods(Invoker.java:1128)
	at org.testng.internal.TestMethodWorker.invokeTestMethods(TestMethodWorker.java:129)
	at org.testng.internal.TestMethodWorker.run(TestMethodWorker.java:112)
	at org.testng.TestRunner.privateRun(TestRunner.java:782)
	at org.testng.TestRunner.run(TestRunner.java:632)
	at org.testng.SuiteRunner.runTest(SuiteRunner.java:366)
	at org.testng.SuiteRunner.runSequentially(SuiteRunner.java:361)
	at org.testng.SuiteRunner.privateRun(SuiteRunner.java:319)
	at org.testng.SuiteRunner.run(SuiteRunner.java:268)
	at org.testng.SuiteRunnerWorker.runSuite(SuiteRunnerWorker.java:52)
	at org.testng.SuiteRunnerWorker.run(SuiteRunnerWorker.java:86)
	at org.testng.TestNG.runSuitesSequentially(TestNG.java:1244)
	at org.testng.TestNG.runSuitesLocally(TestNG.java:1169)
	at org.testng.TestNG.run(TestNG.java:1064)
	at org.apache.maven.surefire.testng.TestNGExecutor.run(TestNGExecutor.java:283)
	at org.apache.maven.surefire.testng.TestNGXmlTestSuite.execute(TestNGXmlTestSuite.java:75)
	at org.apache.maven.surefire.testng.TestNGProvider.invoke(TestNGProvider.java:120)
	at org.apache.maven.surefire.booter.ForkedBooter.invokeProviderInSameClassLoader(ForkedBooter.java:379)
	at org.apache.maven.surefire.booter.ForkedBooter.runSuitesInProcess(ForkedBooter.java:340)
	at org.apache.maven.surefire.booter.ForkedBooter.execute(ForkedBooter.java:125)
	at org.apache.maven.surefire.booter.ForkedBooter.main(ForkedBooter.java:413)
]]>
            </full-stacktrace>
          </exception> <!-- org.openqa.selenium.WebDriverException -->
          <reporter-output>
          </reporter-output>
        </test-method> <!-- Login -->
        <test-method status="PASS" signature="closeBrowser()[pri:0, instance:test.TestLogin@224edc67]" name="closeBrowser" is-config="true" duration-ms="9996" started-at="2018-09-27T21:59:41Z" finished-at="2018-09-27T21:59:51Z">
          <reporter-output>
          </reporter-output>
        </test-method> <!-- closeBrowser -->
      </class> <!-- test.TestLogin -->
      <class name="test.TestSignup">
        <test-method status="PASS" signature="setup()[pri:0, instance:test.TestSignup@14acaea5]" name="setup" is-config="true" duration-ms="1" started-at="2018-09-27T21:52:45Z" finished-at="2018-09-27T21:52:45Z">
          <reporter-output>
          </reporter-output>
        </test-method> <!-- setup -->
        <test-method status="PASS" signature="signUp(java.lang.String, java.lang.String, java.lang.String, java.lang.String, java.lang.String, java.lang.String)[pri:1, instance:test.TestSignup@14acaea5]" name="signUp" duration-ms="57711" started-at="2018-09-27T21:52:47Z" data-provider="SignUpData" finished-at="2018-09-27T21:53:45Z">
          <params>
            <param index="0">
              <value>
                <![CDATA[TestFirst1]]>
              </value>
            </param>
            <param index="1">
              <value>
                <![CDATA[TestLast1]]>
              </value>
            </param>
            <param index="2">
              <value>
                <![CDATA[1.678945625E9]]>
              </value>
            </param>
            <param index="3">
              <value>
                <![CDATA[TATestme1@gmail.com]]>
              </value>
            </param>
            <param index="4">
              <value>
                <![CDATA[pass123]]>
              </value>
            </param>
            <param index="5">
              <value>
                <![CDATA[pass123]]>
              </value>
            </param>
          </params>
          <reporter-output>
          </reporter-output>
        </test-method> <!-- signUp -->
        <test-method status="PASS" signature="closeBrowser()[pri:0, instance:test.TestSignup@14acaea5]" name="closeBrowser" is-config="true" duration-ms="4826" started-at="2018-09-27T21:53:45Z" finished-at="2018-09-27T21:53:50Z">
          <reporter-output>
          </reporter-output>
        </test-method> <!-- closeBrowser -->
        <test-method status="PASS" signature="signUp(java.lang.String, java.lang.String, java.lang.String, java.lang.String, java.lang.String, java.lang.String)[pri:1, instance:test.TestSignup@14acaea5]" name="signUp" duration-ms="14433" started-at="2018-09-27T21:53:50Z" data-provider="SignUpData" finished-at="2018-09-27T21:54:04Z">
          <params>
            <param index="0">
              <value>
                <![CDATA[TestFirst2]]>
              </value>
            </param>
            <param index="1">
              <value>
                <![CDATA[TestLast2]]>
              </value>
            </param>
            <param index="2">
              <value>
                <![CDATA[1.678945626E9]]>
              </value>
            </param>
            <param index="3">
              <value>
                <![CDATA[TATestme2@gmail.com]]>
              </value>
            </param>
            <param index="4">
              <value>
                <![CDATA[pass124]]>
              </value>
            </param>
            <param index="5">
              <value>
                <![CDATA[pass124]]>
              </value>
            </param>
          </params>
          <reporter-output>
          </reporter-output>
        </test-method> <!-- signUp -->
        <test-method status="PASS" signature="closeBrowser()[pri:0, instance:test.TestSignup@14acaea5]" name="closeBrowser" is-config="true" duration-ms="2418" started-at="2018-09-27T21:54:04Z" finished-at="2018-09-27T21:54:07Z">
          <reporter-output>
          </reporter-output>
        </test-method> <!-- closeBrowser -->
        <test-method status="PASS" signature="signUp(java.lang.String, java.lang.String, java.lang.String, java.lang.String, java.lang.String, java.lang.String)[pri:1, instance:test.TestSignup@14acaea5]" name="signUp" duration-ms="13179" started-at="2018-09-27T21:54:07Z" data-provider="SignUpData" finished-at="2018-09-27T21:54:20Z">
          <params>
            <param index="0">
              <value>
                <![CDATA[TestFirst3]]>
              </value>
            </param>
            <param index="1">
              <value>
                <![CDATA[TestLast3]]>
              </value>
            </param>
            <param index="2">
              <value>
                <![CDATA[1.678945627E9]]>
              </value>
            </param>
            <param index="3">
              <value>
                <![CDATA[TATestme3@gmail.com]]>
              </value>
            </param>
            <param index="4">
              <value>
                <![CDATA[pass125]]>
              </value>
            </param>
            <param index="5">
              <value>
                <![CDATA[pass125]]>
              </value>
            </param>
          </params>
          <reporter-output>
          </reporter-output>
        </test-method> <!-- signUp -->
        <test-method status="PASS" signature="closeBrowser()[pri:0, instance:test.TestSignup@14acaea5]" name="closeBrowser" is-config="true" duration-ms="2407" started-at="2018-09-27T21:54:20Z" finished-at="2018-09-27T21:54:22Z">
          <reporter-output>
          </reporter-output>
        </test-method> <!-- closeBrowser -->
        <test-method status="PASS" signature="signUp(java.lang.String, java.lang.String, java.lang.String, java.lang.String, java.lang.String, java.lang.String)[pri:1, instance:test.TestSignup@14acaea5]" name="signUp" duration-ms="12533" started-at="2018-09-27T21:54:22Z" data-provider="SignUpData" finished-at="2018-09-27T21:54:35Z">
          <params>
            <param index="0">
              <value>
                <![CDATA[TestFirst4]]>
              </value>
            </param>
            <param index="1">
              <value>
                <![CDATA[TestLast4]]>
              </value>
            </param>
            <param index="2">
              <value>
                <![CDATA[1.678945628E9]]>
              </value>
            </param>
            <param index="3">
              <value>
                <![CDATA[TATestme4@gmail.com]]>
              </value>
            </param>
            <param index="4">
              <value>
                <![CDATA[pass126]]>
              </value>
            </param>
            <param index="5">
              <value>
                <![CDATA[pass126]]>
              </value>
            </param>
          </params>
          <reporter-output>
          </reporter-output>
        </test-method> <!-- signUp -->
        <test-method status="PASS" signature="closeBrowser()[pri:0, instance:test.TestSignup@14acaea5]" name="closeBrowser" is-config="true" duration-ms="2345" started-at="2018-09-27T21:54:35Z" finished-at="2018-09-27T21:54:37Z">
          <reporter-output>
          </reporter-output>
        </test-method> <!-- closeBrowser -->
        <test-method status="PASS" signature="signUp(java.lang.String, java.lang.String, java.lang.String, java.lang.String, java.lang.String, java.lang.String)[pri:1, instance:test.TestSignup@14acaea5]" name="signUp" duration-ms="12221" started-at="2018-09-27T21:54:37Z" data-provider="SignUpData" finished-at="2018-09-27T21:54:50Z">
          <params>
            <param index="0">
              <value>
                <![CDATA[TestFirst5]]>
              </value>
            </param>
            <param index="1">
              <value>
                <![CDATA[TestLast5]]>
              </value>
            </param>
            <param index="2">
              <value>
                <![CDATA[1.678945629E9]]>
              </value>
            </param>
            <param index="3">
              <value>
                <![CDATA[TATestme5@gmail.com]]>
              </value>
            </param>
            <param index="4">
              <value>
                <![CDATA[pass127]]>
              </value>
            </param>
            <param index="5">
              <value>
                <![CDATA[pass127]]>
              </value>
            </param>
          </params>
          <reporter-output>
          </reporter-output>
        </test-method> <!-- signUp -->
        <test-method status="PASS" signature="closeBrowser()[pri:0, instance:test.TestSignup@14acaea5]" name="closeBrowser" is-config="true" duration-ms="3507" started-at="2018-09-27T21:54:50Z" finished-at="2018-09-27T21:54:53Z">
          <reporter-output>
          </reporter-output>
        </test-method> <!-- closeBrowser -->
        <test-method status="PASS" signature="signUp(java.lang.String, java.lang.String, java.lang.String, java.lang.String, java.lang.String, java.lang.String)[pri:1, instance:test.TestSignup@14acaea5]" name="signUp" duration-ms="11850" started-at="2018-09-27T21:54:53Z" data-provider="SignUpData" finished-at="2018-09-27T21:55:05Z">
          <params>
            <param index="0">
              <value>
                <![CDATA[TestFirst6]]>
              </value>
            </param>
            <param index="1">
              <value>
                <![CDATA[TestLast6]]>
              </value>
            </param>
            <param index="2">
              <value>
                <![CDATA[1.67894563E9]]>
              </value>
            </param>
            <param index="3">
              <value>
                <![CDATA[TATestme6@gmail.com]]>
              </value>
            </param>
            <param index="4">
              <value>
                <![CDATA[pass128]]>
              </value>
            </param>
            <param index="5">
              <value>
                <![CDATA[pass128]]>
              </value>
            </param>
          </params>
          <reporter-output>
          </reporter-output>
        </test-method> <!-- signUp -->
        <test-method status="PASS" signature="closeBrowser()[pri:0, instance:test.TestSignup@14acaea5]" name="closeBrowser" is-config="true" duration-ms="2990" started-at="2018-09-27T21:55:05Z" finished-at="2018-09-27T21:55:08Z">
          <reporter-output>
          </reporter-output>
        </test-method> <!-- closeBrowser -->
        <test-method status="PASS" signature="signUp(java.lang.String, java.lang.String, java.lang.String, java.lang.String, java.lang.String, java.lang.String)[pri:1, instance:test.TestSignup@14acaea5]" name="signUp" duration-ms="13185" started-at="2018-09-27T21:55:08Z" data-provider="SignUpData" finished-at="2018-09-27T21:55:21Z">
          <params>
            <param index="0">
              <value>
                <![CDATA[TestFirst7]]>
              </value>
            </param>
            <param index="1">
              <value>
                <![CDATA[TestLast7]]>
              </value>
            </param>
            <param index="2">
              <value>
                <![CDATA[1.678945631E9]]>
              </value>
            </param>
            <param index="3">
              <value>
                <![CDATA[TATestme7@gmail.com]]>
              </value>
            </param>
            <param index="4">
              <value>
                <![CDATA[pass129]]>
              </value>
            </param>
            <param index="5">
              <value>
                <![CDATA[pass129]]>
              </value>
            </param>
          </params>
          <reporter-output>
          </reporter-output>
        </test-method> <!-- signUp -->
        <test-method status="PASS" signature="closeBrowser()[pri:0, instance:test.TestSignup@14acaea5]" name="closeBrowser" is-config="true" duration-ms="2436" started-at="2018-09-27T21:55:21Z" finished-at="2018-09-27T21:55:24Z">
          <reporter-output>
          </reporter-output>
        </test-method> <!-- closeBrowser -->
        <test-method status="PASS" signature="signUp(java.lang.String, java.lang.String, java.lang.String, java.lang.String, java.lang.String, java.lang.String)[pri:1, instance:test.TestSignup@14acaea5]" name="signUp" duration-ms="13000" started-at="2018-09-27T21:55:24Z" data-provider="SignUpData" finished-at="2018-09-27T21:55:37Z">
          <params>
            <param index="0">
              <value>
                <![CDATA[TestFirst8]]>
              </value>
            </param>
            <param index="1">
              <value>
                <![CDATA[TestLast8]]>
              </value>
            </param>
            <param index="2">
              <value>
                <![CDATA[1.678945632E9]]>
              </value>
            </param>
            <param index="3">
              <value>
                <![CDATA[TATestme8@gmail.com]]>
              </value>
            </param>
            <param index="4">
              <value>
                <![CDATA[pass130]]>
              </value>
            </param>
            <param index="5">
              <value>
                <![CDATA[pass130]]>
              </value>
            </param>
          </params>
          <reporter-output>
          </reporter-output>
        </test-method> <!-- signUp -->
        <test-method status="PASS" signature="closeBrowser()[pri:0, instance:test.TestSignup@14acaea5]" name="closeBrowser" is-config="true" duration-ms="2554" started-at="2018-09-27T21:55:37Z" finished-at="2018-09-27T21:55:39Z">
          <reporter-output>
          </reporter-output>
        </test-method> <!-- closeBrowser -->
        <test-method status="PASS" signature="signUp(java.lang.String, java.lang.String, java.lang.String, java.lang.String, java.lang.String, java.lang.String)[pri:1, instance:test.TestSignup@14acaea5]" name="signUp" duration-ms="12655" started-at="2018-09-27T21:55:39Z" data-provider="SignUpData" finished-at="2018-09-27T21:55:52Z">
          <params>
            <param index="0">
              <value>
                <![CDATA[TestFirst9]]>
              </value>
            </param>
            <param index="1">
              <value>
                <![CDATA[TestLast9]]>
              </value>
            </param>
            <param index="2">
              <value>
                <![CDATA[1.678945633E9]]>
              </value>
            </param>
            <param index="3">
              <value>
                <![CDATA[TATestme9@gmail.com]]>
              </value>
            </param>
            <param index="4">
              <value>
                <![CDATA[pass131]]>
              </value>
            </param>
            <param index="5">
              <value>
                <![CDATA[pass131]]>
              </value>
            </param>
          </params>
          <reporter-output>
          </reporter-output>
        </test-method> <!-- signUp -->
        <test-method status="PASS" signature="closeBrowser()[pri:0, instance:test.TestSignup@14acaea5]" name="closeBrowser" is-config="true" duration-ms="2380" started-at="2018-09-27T21:55:52Z" finished-at="2018-09-27T21:55:54Z">
          <reporter-output>
          </reporter-output>
        </test-method> <!-- closeBrowser -->
      </class> <!-- test.TestSignup -->
    </test> <!-- Test -->
  </suite> <!-- Suite -->
</testng-results>
