<?xml version="1.0" encoding="UTF-8"?>
<testng-results skipped="0" failed="0" total="18" passed="18">
  <reporter-output>
  </reporter-output>
  <suite name="Default suite" duration-ms="284762" started-at="2018-06-21T12:07:07Z" finished-at="2018-06-21T12:11:52Z">
    <groups>
    </groups>
    <test name="Default test" duration-ms="284762" started-at="2018-06-21T12:07:07Z" finished-at="2018-06-21T12:11:52Z">
      <class name="test.TestLogin">
        <test-method status="PASS" signature="setup()[pri:0, instance:test.TestLogin@7b49cea0]" name="setup" is-config="true" duration-ms="36" started-at="2018-06-21T17:37:07Z" finished-at="2018-06-21T17:37:07Z">
          <reporter-output>
          </reporter-output>
        </test-method> <!-- setup -->
        <test-method status="PASS" signature="Login(java.lang.String, java.lang.String)[pri:2, instance:test.TestLogin@7b49cea0]" name="Login" duration-ms="12188" started-at="2018-06-21T17:39:31Z" data-provider="LoginData" finished-at="2018-06-21T17:39:43Z">
          <params>
            <param index="0">
              <value>
                <![CDATA[testme1@gmail.com]]>
              </value>
            </param>
            <param index="1">
              <value>
                <![CDATA[pass123]]>
              </value>
            </param>
          </params>
          <reporter-output>
          </reporter-output>
        </test-method> <!-- Login -->
        <test-method status="PASS" signature="closeBrowser()[pri:0, instance:test.TestLogin@7b49cea0]" name="closeBrowser" is-config="true" duration-ms="2621" started-at="2018-06-21T17:39:43Z" finished-at="2018-06-21T17:39:46Z">
          <reporter-output>
          </reporter-output>
        </test-method> <!-- closeBrowser -->
        <test-method status="PASS" signature="Login(java.lang.String, java.lang.String)[pri:2, instance:test.TestLogin@7b49cea0]" name="Login" duration-ms="12867" started-at="2018-06-21T17:39:46Z" data-provider="LoginData" finished-at="2018-06-21T17:39:59Z">
          <params>
            <param index="0">
              <value>
                <![CDATA[testme2@gmail.com]]>
              </value>
            </param>
            <param index="1">
              <value>
                <![CDATA[pass124]]>
              </value>
            </param>
          </params>
          <reporter-output>
          </reporter-output>
        </test-method> <!-- Login -->
        <test-method status="PASS" signature="closeBrowser()[pri:0, instance:test.TestLogin@7b49cea0]" name="closeBrowser" is-config="true" duration-ms="2634" started-at="2018-06-21T17:39:59Z" finished-at="2018-06-21T17:40:02Z">
          <reporter-output>
          </reporter-output>
        </test-method> <!-- closeBrowser -->
        <test-method status="PASS" signature="Login(java.lang.String, java.lang.String)[pri:2, instance:test.TestLogin@7b49cea0]" name="Login" duration-ms="12742" started-at="2018-06-21T17:40:02Z" data-provider="LoginData" finished-at="2018-06-21T17:40:14Z">
          <params>
            <param index="0">
              <value>
                <![CDATA[testme3@gmail.com]]>
              </value>
            </param>
            <param index="1">
              <value>
                <![CDATA[pass125]]>
              </value>
            </param>
          </params>
          <reporter-output>
          </reporter-output>
        </test-method> <!-- Login -->
        <test-method status="PASS" signature="closeBrowser()[pri:0, instance:test.TestLogin@7b49cea0]" name="closeBrowser" is-config="true" duration-ms="2313" started-at="2018-06-21T17:40:14Z" finished-at="2018-06-21T17:40:17Z">
          <reporter-output>
          </reporter-output>
        </test-method> <!-- closeBrowser -->
        <test-method status="PASS" signature="Login(java.lang.String, java.lang.String)[pri:2, instance:test.TestLogin@7b49cea0]" name="Login" duration-ms="13545" started-at="2018-06-21T17:40:17Z" data-provider="LoginData" finished-at="2018-06-21T17:40:30Z">
          <params>
            <param index="0">
              <value>
                <![CDATA[testme4@gmail.com]]>
              </value>
            </param>
            <param index="1">
              <value>
                <![CDATA[pass126]]>
              </value>
            </param>
          </params>
          <reporter-output>
          </reporter-output>
        </test-method> <!-- Login -->
        <test-method status="PASS" signature="closeBrowser()[pri:0, instance:test.TestLogin@7b49cea0]" name="closeBrowser" is-config="true" duration-ms="2502" started-at="2018-06-21T17:40:30Z" finished-at="2018-06-21T17:40:33Z">
          <reporter-output>
          </reporter-output>
        </test-method> <!-- closeBrowser -->
        <test-method status="PASS" signature="Login(java.lang.String, java.lang.String)[pri:2, instance:test.TestLogin@7b49cea0]" name="Login" duration-ms="13930" started-at="2018-06-21T17:40:33Z" data-provider="LoginData" finished-at="2018-06-21T17:40:47Z">
          <params>
            <param index="0">
              <value>
                <![CDATA[testme5@gmail.com]]>
              </value>
            </param>
            <param index="1">
              <value>
                <![CDATA[pass127]]>
              </value>
            </param>
          </params>
          <reporter-output>
          </reporter-output>
        </test-method> <!-- Login -->
        <test-method status="PASS" signature="closeBrowser()[pri:0, instance:test.TestLogin@7b49cea0]" name="closeBrowser" is-config="true" duration-ms="2727" started-at="2018-06-21T17:40:47Z" finished-at="2018-06-21T17:40:49Z">
          <reporter-output>
          </reporter-output>
        </test-method> <!-- closeBrowser -->
        <test-method status="PASS" signature="Login(java.lang.String, java.lang.String)[pri:2, instance:test.TestLogin@7b49cea0]" name="Login" duration-ms="12916" started-at="2018-06-21T17:40:49Z" data-provider="LoginData" finished-at="2018-06-21T17:41:02Z">
          <params>
            <param index="0">
              <value>
                <![CDATA[testme6@gmail.com]]>
              </value>
            </param>
            <param index="1">
              <value>
                <![CDATA[pass128]]>
              </value>
            </param>
          </params>
          <reporter-output>
          </reporter-output>
        </test-method> <!-- Login -->
        <test-method status="PASS" signature="closeBrowser()[pri:0, instance:test.TestLogin@7b49cea0]" name="closeBrowser" is-config="true" duration-ms="2400" started-at="2018-06-21T17:41:02Z" finished-at="2018-06-21T17:41:05Z">
          <reporter-output>
          </reporter-output>
        </test-method> <!-- closeBrowser -->
        <test-method status="PASS" signature="Login(java.lang.String, java.lang.String)[pri:2, instance:test.TestLogin@7b49cea0]" name="Login" duration-ms="11958" started-at="2018-06-21T17:41:05Z" data-provider="LoginData" finished-at="2018-06-21T17:41:17Z">
          <params>
            <param index="0">
              <value>
                <![CDATA[testme7@gmail.com]]>
              </value>
            </param>
            <param index="1">
              <value>
                <![CDATA[pass129]]>
              </value>
            </param>
          </params>
          <reporter-output>
          </reporter-output>
        </test-method> <!-- Login -->
        <test-method status="PASS" signature="closeBrowser()[pri:0, instance:test.TestLogin@7b49cea0]" name="closeBrowser" is-config="true" duration-ms="2593" started-at="2018-06-21T17:41:17Z" finished-at="2018-06-21T17:41:19Z">
          <reporter-output>
          </reporter-output>
        </test-method> <!-- closeBrowser -->
        <test-method status="PASS" signature="Login(java.lang.String, java.lang.String)[pri:2, instance:test.TestLogin@7b49cea0]" name="Login" duration-ms="12994" started-at="2018-06-21T17:41:19Z" data-provider="LoginData" finished-at="2018-06-21T17:41:32Z">
          <params>
            <param index="0">
              <value>
                <![CDATA[testme8@gmail.com]]>
              </value>
            </param>
            <param index="1">
              <value>
                <![CDATA[pass130]]>
              </value>
            </param>
          </params>
          <reporter-output>
          </reporter-output>
        </test-method> <!-- Login -->
        <test-method status="PASS" signature="closeBrowser()[pri:0, instance:test.TestLogin@7b49cea0]" name="closeBrowser" is-config="true" duration-ms="2373" started-at="2018-06-21T17:41:32Z" finished-at="2018-06-21T17:41:35Z">
          <reporter-output>
          </reporter-output>
        </test-method> <!-- closeBrowser -->
        <test-method status="PASS" signature="Login(java.lang.String, java.lang.String)[pri:2, instance:test.TestLogin@7b49cea0]" name="Login" duration-ms="13322" started-at="2018-06-21T17:41:35Z" data-provider="LoginData" finished-at="2018-06-21T17:41:48Z">
          <params>
            <param index="0">
              <value>
                <![CDATA[testme9@gmail.com]]>
              </value>
            </param>
            <param index="1">
              <value>
                <![CDATA[pass131]]>
              </value>
            </param>
          </params>
          <reporter-output>
          </reporter-output>
        </test-method> <!-- Login -->
        <test-method status="PASS" signature="closeBrowser()[pri:0, instance:test.TestLogin@7b49cea0]" name="closeBrowser" is-config="true" duration-ms="4168" started-at="2018-06-21T17:41:48Z" finished-at="2018-06-21T17:41:52Z">
          <reporter-output>
          </reporter-output>
        </test-method> <!-- closeBrowser -->
        <test-method status="FAIL" signature="closeConn()[pri:0, instance:test.TestLogin@7b49cea0]" name="closeConn" is-config="true" duration-ms="0" started-at="2018-06-21T17:41:52Z" finished-at="2018-06-21T17:41:52Z">
          <exception class="org.openqa.selenium.SessionNotCreatedException">
            <message>
              <![CDATA[Tried to run command without establishing a connection
Build info: version: '3.11.0', revision: 'e59cfb3', time: '2018-03-11T20:26:55.152Z'
System info: host: 'JAI-PC', ip: '192.168.43.51', os.name: 'Windows 8', os.arch: 'amd64', os.version: '6.2', java.version: '1.8.0_131'
Driver info: org.openqa.selenium.firefox.FirefoxDriver
Capabilities {acceptInsecureCerts: true, browserName: firefox, browserVersion: 60.0.1, javascriptEnabled: true, moz:accessibilityChecks: false, moz:headless: false, moz:processID: 14480, moz:profile: C:\Users\JayaprakashNagaraj..., moz:useNonSpecCompliantPointerOrigin: false, moz:webdriverClick: true, pageLoadStrategy: normal, platform: XP, platformName: XP, platformVersion: 6.2, rotatable: false, timeouts: {implicit: 0, pageLoad: 300000, script: 30000}}
Session ID: 87909cb7-bc94-4fec-9c18-02e84586b2c5]]>
            </message>
            <full-stacktrace>
              <![CDATA[org.openqa.selenium.SessionNotCreatedException: Tried to run command without establishing a connection
Build info: version: '3.11.0', revision: 'e59cfb3', time: '2018-03-11T20:26:55.152Z'
System info: host: 'JAI-PC', ip: '192.168.43.51', os.name: 'Windows 8', os.arch: 'amd64', os.version: '6.2', java.version: '1.8.0_131'
Driver info: org.openqa.selenium.firefox.FirefoxDriver
Capabilities {acceptInsecureCerts: true, browserName: firefox, browserVersion: 60.0.1, javascriptEnabled: true, moz:accessibilityChecks: false, moz:headless: false, moz:processID: 14480, moz:profile: C:\Users\JayaprakashNagaraj..., moz:useNonSpecCompliantPointerOrigin: false, moz:webdriverClick: true, pageLoadStrategy: normal, platform: XP, platformName: XP, platformVersion: 6.2, rotatable: false, timeouts: {implicit: 0, pageLoad: 300000, script: 30000}}
Session ID: 87909cb7-bc94-4fec-9c18-02e84586b2c5
	at sun.reflect.NativeConstructorAccessorImpl.newInstance0(Native Method)
	at sun.reflect.NativeConstructorAccessorImpl.newInstance(NativeConstructorAccessorImpl.java:62)
	at sun.reflect.DelegatingConstructorAccessorImpl.newInstance(DelegatingConstructorAccessorImpl.java:45)
	at java.lang.reflect.Constructor.newInstance(Constructor.java:423)
	at org.openqa.selenium.remote.http.W3CHttpResponseCodec.createException(W3CHttpResponseCodec.java:187)
	at org.openqa.selenium.remote.http.W3CHttpResponseCodec.decode(W3CHttpResponseCodec.java:122)
	at org.openqa.selenium.remote.http.W3CHttpResponseCodec.decode(W3CHttpResponseCodec.java:49)
	at org.openqa.selenium.remote.HttpCommandExecutor.execute(HttpCommandExecutor.java:158)
	at org.openqa.selenium.remote.service.DriverCommandExecutor.execute(DriverCommandExecutor.java:83)
	at org.openqa.selenium.remote.RemoteWebDriver.execute(RemoteWebDriver.java:545)
	at org.openqa.selenium.remote.RemoteWebDriver.execute(RemoteWebDriver.java:602)
	at org.openqa.selenium.remote.RemoteWebDriver.quit(RemoteWebDriver.java:445)
	at test.TestLogin.closeConn(TestLogin.java:92)
	at sun.reflect.NativeMethodAccessorImpl.invoke0(Native Method)
	at sun.reflect.NativeMethodAccessorImpl.invoke(NativeMethodAccessorImpl.java:62)
	at sun.reflect.DelegatingMethodAccessorImpl.invoke(DelegatingMethodAccessorImpl.java:43)
	at java.lang.reflect.Method.invoke(Method.java:498)
	at org.testng.internal.MethodInvocationHelper.invokeMethod(MethodInvocationHelper.java:86)
	at org.testng.internal.Invoker.invokeConfigurationMethod(Invoker.java:514)
	at org.testng.internal.Invoker.invokeConfigurations(Invoker.java:215)
	at org.testng.internal.Invoker.invokeConfigurations(Invoker.java:142)
	at org.testng.SuiteRunner.privateRun(SuiteRunner.java:336)
	at org.testng.SuiteRunner.run(SuiteRunner.java:268)
	at org.testng.SuiteRunnerWorker.runSuite(SuiteRunnerWorker.java:52)
	at org.testng.SuiteRunnerWorker.run(SuiteRunnerWorker.java:86)
	at org.testng.TestNG.runSuitesSequentially(TestNG.java:1244)
	at org.testng.TestNG.runSuitesLocally(TestNG.java:1169)
	at org.testng.TestNG.run(TestNG.java:1064)
	at org.testng.remote.AbstractRemoteTestNG.run(AbstractRemoteTestNG.java:114)
	at org.testng.remote.RemoteTestNG.initAndRun(RemoteTestNG.java:251)
	at org.testng.remote.RemoteTestNG.main(RemoteTestNG.java:77)
]]>
            </full-stacktrace>
          </exception> <!-- org.openqa.selenium.SessionNotCreatedException -->
          <reporter-output>
          </reporter-output>
        </test-method> <!-- closeConn -->
      </class> <!-- test.TestLogin -->
      <class name="test.TestSignup">
        <test-method status="PASS" signature="setup()[pri:0, instance:test.TestSignup@887af79]" name="setup" is-config="true" duration-ms="1" started-at="2018-06-21T17:37:07Z" finished-at="2018-06-21T17:37:07Z">
          <reporter-output>
          </reporter-output>
        </test-method> <!-- setup -->
        <test-method status="PASS" signature="signUp(java.lang.String, java.lang.String, java.lang.String, java.lang.String, java.lang.String, java.lang.String)[pri:1, instance:test.TestSignup@887af79]" name="signUp" duration-ms="15513" started-at="2018-06-21T17:37:09Z" data-provider="SignUpData" finished-at="2018-06-21T17:37:24Z">
          <params>
            <param index="0">
              <value>
                <![CDATA[TestFirst1]]>
              </value>
            </param>
            <param index="1">
              <value>
                <![CDATA[TestLast1]]>
              </value>
            </param>
            <param index="2">
              <value>
                <![CDATA[1.678945625E9]]>
              </value>
            </param>
            <param index="3">
              <value>
                <![CDATA[testme1@gmail.com]]>
              </value>
            </param>
            <param index="4">
              <value>
                <![CDATA[pass123]]>
              </value>
            </param>
            <param index="5">
              <value>
                <![CDATA[pass123]]>
              </value>
            </param>
          </params>
          <reporter-output>
          </reporter-output>
        </test-method> <!-- signUp -->
        <test-method status="PASS" signature="closeBrowser()[pri:0, instance:test.TestSignup@887af79]" name="closeBrowser" is-config="true" duration-ms="2369" started-at="2018-06-21T17:37:24Z" finished-at="2018-06-21T17:37:27Z">
          <reporter-output>
          </reporter-output>
        </test-method> <!-- closeBrowser -->
        <test-method status="PASS" signature="signUp(java.lang.String, java.lang.String, java.lang.String, java.lang.String, java.lang.String, java.lang.String)[pri:1, instance:test.TestSignup@887af79]" name="signUp" duration-ms="13158" started-at="2018-06-21T17:37:27Z" data-provider="SignUpData" finished-at="2018-06-21T17:37:40Z">
          <params>
            <param index="0">
              <value>
                <![CDATA[TestFirst2]]>
              </value>
            </param>
            <param index="1">
              <value>
                <![CDATA[TestLast2]]>
              </value>
            </param>
            <param index="2">
              <value>
                <![CDATA[1.678945626E9]]>
              </value>
            </param>
            <param index="3">
              <value>
                <![CDATA[testme2@gmail.com]]>
              </value>
            </param>
            <param index="4">
              <value>
                <![CDATA[pass124]]>
              </value>
            </param>
            <param index="5">
              <value>
                <![CDATA[pass124]]>
              </value>
            </param>
          </params>
          <reporter-output>
          </reporter-output>
        </test-method> <!-- signUp -->
        <test-method status="PASS" signature="closeBrowser()[pri:0, instance:test.TestSignup@887af79]" name="closeBrowser" is-config="true" duration-ms="2195" started-at="2018-06-21T17:37:40Z" finished-at="2018-06-21T17:37:42Z">
          <reporter-output>
          </reporter-output>
        </test-method> <!-- closeBrowser -->
        <test-method status="PASS" signature="signUp(java.lang.String, java.lang.String, java.lang.String, java.lang.String, java.lang.String, java.lang.String)[pri:1, instance:test.TestSignup@887af79]" name="signUp" duration-ms="13105" started-at="2018-06-21T17:37:42Z" data-provider="SignUpData" finished-at="2018-06-21T17:37:55Z">
          <params>
            <param index="0">
              <value>
                <![CDATA[TestFirst3]]>
              </value>
            </param>
            <param index="1">
              <value>
                <![CDATA[TestLast3]]>
              </value>
            </param>
            <param index="2">
              <value>
                <![CDATA[1.678945627E9]]>
              </value>
            </param>
            <param index="3">
              <value>
                <![CDATA[testme3@gmail.com]]>
              </value>
            </param>
            <param index="4">
              <value>
                <![CDATA[pass125]]>
              </value>
            </param>
            <param index="5">
              <value>
                <![CDATA[pass125]]>
              </value>
            </param>
          </params>
          <reporter-output>
          </reporter-output>
        </test-method> <!-- signUp -->
        <test-method status="PASS" signature="closeBrowser()[pri:0, instance:test.TestSignup@887af79]" name="closeBrowser" is-config="true" duration-ms="2414" started-at="2018-06-21T17:37:55Z" finished-at="2018-06-21T17:37:58Z">
          <reporter-output>
          </reporter-output>
        </test-method> <!-- closeBrowser -->
        <test-method status="PASS" signature="signUp(java.lang.String, java.lang.String, java.lang.String, java.lang.String, java.lang.String, java.lang.String)[pri:1, instance:test.TestSignup@887af79]" name="signUp" duration-ms="13195" started-at="2018-06-21T17:37:58Z" data-provider="SignUpData" finished-at="2018-06-21T17:38:11Z">
          <params>
            <param index="0">
              <value>
                <![CDATA[TestFirst4]]>
              </value>
            </param>
            <param index="1">
              <value>
                <![CDATA[TestLast4]]>
              </value>
            </param>
            <param index="2">
              <value>
                <![CDATA[1.678945628E9]]>
              </value>
            </param>
            <param index="3">
              <value>
                <![CDATA[testme4@gmail.com]]>
              </value>
            </param>
            <param index="4">
              <value>
                <![CDATA[pass126]]>
              </value>
            </param>
            <param index="5">
              <value>
                <![CDATA[pass126]]>
              </value>
            </param>
          </params>
          <reporter-output>
          </reporter-output>
        </test-method> <!-- signUp -->
        <test-method status="PASS" signature="closeBrowser()[pri:0, instance:test.TestSignup@887af79]" name="closeBrowser" is-config="true" duration-ms="2276" started-at="2018-06-21T17:38:11Z" finished-at="2018-06-21T17:38:13Z">
          <reporter-output>
          </reporter-output>
        </test-method> <!-- closeBrowser -->
        <test-method status="PASS" signature="signUp(java.lang.String, java.lang.String, java.lang.String, java.lang.String, java.lang.String, java.lang.String)[pri:1, instance:test.TestSignup@887af79]" name="signUp" duration-ms="13231" started-at="2018-06-21T17:38:13Z" data-provider="SignUpData" finished-at="2018-06-21T17:38:26Z">
          <params>
            <param index="0">
              <value>
                <![CDATA[TestFirst5]]>
              </value>
            </param>
            <param index="1">
              <value>
                <![CDATA[TestLast5]]>
              </value>
            </param>
            <param index="2">
              <value>
                <![CDATA[1.678945629E9]]>
              </value>
            </param>
            <param index="3">
              <value>
                <![CDATA[testme5@gmail.com]]>
              </value>
            </param>
            <param index="4">
              <value>
                <![CDATA[pass127]]>
              </value>
            </param>
            <param index="5">
              <value>
                <![CDATA[pass127]]>
              </value>
            </param>
          </params>
          <reporter-output>
          </reporter-output>
        </test-method> <!-- signUp -->
        <test-method status="PASS" signature="closeBrowser()[pri:0, instance:test.TestSignup@887af79]" name="closeBrowser" is-config="true" duration-ms="2590" started-at="2018-06-21T17:38:26Z" finished-at="2018-06-21T17:38:29Z">
          <reporter-output>
          </reporter-output>
        </test-method> <!-- closeBrowser -->
        <test-method status="PASS" signature="signUp(java.lang.String, java.lang.String, java.lang.String, java.lang.String, java.lang.String, java.lang.String)[pri:1, instance:test.TestSignup@887af79]" name="signUp" duration-ms="12837" started-at="2018-06-21T17:38:29Z" data-provider="SignUpData" finished-at="2018-06-21T17:38:42Z">
          <params>
            <param index="0">
              <value>
                <![CDATA[TestFirst6]]>
              </value>
            </param>
            <param index="1">
              <value>
                <![CDATA[TestLast6]]>
              </value>
            </param>
            <param index="2">
              <value>
                <![CDATA[1.67894563E9]]>
              </value>
            </param>
            <param index="3">
              <value>
                <![CDATA[testme6@gmail.com]]>
              </value>
            </param>
            <param index="4">
              <value>
                <![CDATA[pass128]]>
              </value>
            </param>
            <param index="5">
              <value>
                <![CDATA[pass128]]>
              </value>
            </param>
          </params>
          <reporter-output>
          </reporter-output>
        </test-method> <!-- signUp -->
        <test-method status="PASS" signature="closeBrowser()[pri:0, instance:test.TestSignup@887af79]" name="closeBrowser" is-config="true" duration-ms="2483" started-at="2018-06-21T17:38:42Z" finished-at="2018-06-21T17:38:44Z">
          <reporter-output>
          </reporter-output>
        </test-method> <!-- closeBrowser -->
        <test-method status="PASS" signature="signUp(java.lang.String, java.lang.String, java.lang.String, java.lang.String, java.lang.String, java.lang.String)[pri:1, instance:test.TestSignup@887af79]" name="signUp" duration-ms="13353" started-at="2018-06-21T17:38:44Z" data-provider="SignUpData" finished-at="2018-06-21T17:38:58Z">
          <params>
            <param index="0">
              <value>
                <![CDATA[TestFirst7]]>
              </value>
            </param>
            <param index="1">
              <value>
                <![CDATA[TestLast7]]>
              </value>
            </param>
            <param index="2">
              <value>
                <![CDATA[1.678945631E9]]>
              </value>
            </param>
            <param index="3">
              <value>
                <![CDATA[testme7@gmail.com]]>
              </value>
            </param>
            <param index="4">
              <value>
                <![CDATA[pass129]]>
              </value>
            </param>
            <param index="5">
              <value>
                <![CDATA[pass129]]>
              </value>
            </param>
          </params>
          <reporter-output>
          </reporter-output>
        </test-method> <!-- signUp -->
        <test-method status="PASS" signature="closeBrowser()[pri:0, instance:test.TestSignup@887af79]" name="closeBrowser" is-config="true" duration-ms="2247" started-at="2018-06-21T17:38:58Z" finished-at="2018-06-21T17:39:00Z">
          <reporter-output>
          </reporter-output>
        </test-method> <!-- closeBrowser -->
        <test-method status="PASS" signature="signUp(java.lang.String, java.lang.String, java.lang.String, java.lang.String, java.lang.String, java.lang.String)[pri:1, instance:test.TestSignup@887af79]" name="signUp" duration-ms="12272" started-at="2018-06-21T17:39:00Z" data-provider="SignUpData" finished-at="2018-06-21T17:39:12Z">
          <params>
            <param index="0">
              <value>
                <![CDATA[TestFirst8]]>
              </value>
            </param>
            <param index="1">
              <value>
                <![CDATA[TestLast8]]>
              </value>
            </param>
            <param index="2">
              <value>
                <![CDATA[1.678945632E9]]>
              </value>
            </param>
            <param index="3">
              <value>
                <![CDATA[testme8@gmail.com]]>
              </value>
            </param>
            <param index="4">
              <value>
                <![CDATA[pass130]]>
              </value>
            </param>
            <param index="5">
              <value>
                <![CDATA[pass130]]>
              </value>
            </param>
          </params>
          <reporter-output>
          </reporter-output>
        </test-method> <!-- signUp -->
        <test-method status="PASS" signature="closeBrowser()[pri:0, instance:test.TestSignup@887af79]" name="closeBrowser" is-config="true" duration-ms="2333" started-at="2018-06-21T17:39:12Z" finished-at="2018-06-21T17:39:15Z">
          <reporter-output>
          </reporter-output>
        </test-method> <!-- closeBrowser -->
        <test-method status="PASS" signature="signUp(java.lang.String, java.lang.String, java.lang.String, java.lang.String, java.lang.String, java.lang.String)[pri:1, instance:test.TestSignup@887af79]" name="signUp" duration-ms="14366" started-at="2018-06-21T17:39:15Z" data-provider="SignUpData" finished-at="2018-06-21T17:39:29Z">
          <params>
            <param index="0">
              <value>
                <![CDATA[TestFirst9]]>
              </value>
            </param>
            <param index="1">
              <value>
                <![CDATA[TestLast9]]>
              </value>
            </param>
            <param index="2">
              <value>
                <![CDATA[1.678945625E9]]>
              </value>
            </param>
            <param index="3">
              <value>
                <![CDATA[testme9@gmail.com]]>
              </value>
            </param>
            <param index="4">
              <value>
                <![CDATA[pass131]]>
              </value>
            </param>
            <param index="5">
              <value>
                <![CDATA[pass131]]>
              </value>
            </param>
          </params>
          <reporter-output>
          </reporter-output>
        </test-method> <!-- signUp -->
        <test-method status="PASS" signature="closeBrowser()[pri:0, instance:test.TestSignup@887af79]" name="closeBrowser" is-config="true" duration-ms="2256" started-at="2018-06-21T17:39:29Z" finished-at="2018-06-21T17:39:31Z">
          <reporter-output>
          </reporter-output>
        </test-method> <!-- closeBrowser -->
      </class> <!-- test.TestSignup -->
    </test> <!-- Default test -->
  </suite> <!-- Default suite -->
</testng-results>
